2021-12-22 16:35:32,162 INFO :: Binance Futures Client successfully initialized
2021-12-22 16:35:32,943 INFO :: Binance connection opened
2021-12-22 16:35:33,195 INFO :: Bitmex Client successfully initialized
2021-12-22 16:35:33,823 INFO :: Bitmex connection opened
2021-12-22 16:35:36,385 INFO :: XBTUSD 48952.5 / 48953
2021-12-22 16:35:36,704 INFO :: XBTUSD 48952.5 / 48953
2021-12-22 16:35:41,217 INFO :: XBTUSD 48952.5 / 48953
2021-12-22 16:35:45,704 INFO :: XBTUSD 48952.5 / 48953
2021-12-22 16:35:51,707 INFO :: XBTUSD 48952.5 / 48953
2021-12-22 16:35:56,204 INFO :: XBTUSD 48952.5 / 48953
2021-12-22 16:36:00,702 INFO :: XBTUSD 48952.5 / 48953
2021-12-22 16:36:04,404 INFO :: XBTUSD 48952.5 / 48953
2021-12-22 16:36:06,716 INFO :: XBTUSD 48952.5 / 48953
2021-12-22 16:36:11,209 INFO :: XBTUSD 48952.5 / 48953
2021-12-22 16:36:15,702 INFO :: XBTUSD 48952.5 / 48953
2021-12-22 16:36:19,404 INFO :: XBTUSD 48952.5 / 48953
2021-12-22 16:36:21,707 INFO :: XBTUSD 48952.5 / 48953
2021-12-22 16:36:26,211 INFO :: XBTUSD 48952.5 / 48953
2021-12-22 16:36:30,701 INFO :: XBTUSD 48952.5 / 48953
2021-12-22 16:36:36,711 INFO :: XBTUSD 48952.5 / 48953
2021-12-22 16:36:41,208 INFO :: XBTUSD 48952.5 / 48953
2021-12-22 16:36:45,716 INFO :: XBTUSD 48952.5 / 48953
2021-12-22 16:36:51,703 INFO :: XBTUSD 48952.5 / 48953
2021-12-22 16:36:56,201 INFO :: XBTUSD 48952.5 / 48953
2021-12-22 16:37:00,706 INFO :: XBTUSD 48952.5 / 48953
2021-12-22 16:37:06,701 INFO :: XBTUSD 48952.5 / 48953
2021-12-22 18:58:57,177 INFO :: Binance Futures Client successfully initialized
2021-12-22 18:58:57,848 INFO :: Bitmex Client successfully initialized
2021-12-22 18:58:58,182 INFO :: Binance connection opened
2021-12-22 18:58:58,715 INFO :: Bitmex connection opened
2021-12-22 18:58:59,736 INFO :: XBTUSD 48249.5 / 48296.5
2021-12-22 18:59:01,790 INFO :: XBTUSD 48249.5 / 48296.5
2021-12-22 18:59:04,978 INFO :: XBTUSD 48249.5 / 48296.5
2021-12-22 18:59:05,469 INFO :: XBTUSD 48249.5 / 48296.5
2021-12-22 18:59:07,766 INFO :: XBTUSD 48249.5 / 48296.5
2021-12-22 18:59:12,275 INFO :: XBTUSD 48249.5 / 48296.5
2021-12-22 18:59:17,526 INFO :: XBTUSD 48249.5 / 48296.5
2021-12-22 18:59:20,471 INFO :: XBTUSD 48249.5 / 48296.5
2021-12-22 19:52:23,315 ERROR :: Error while making GET request to /fapi/v1/account: {'code': -1021, 'msg': "Timestamp for this request was 1000ms ahead of the server's time."} (error code 400)
2021-12-22 19:52:23,316 INFO :: Binance Futures Client successfully initialized
2021-12-22 19:52:23,944 INFO :: Bitmex Client successfully initialized
2021-12-22 19:52:24,075 INFO :: Binance connection opened
2021-12-22 19:52:24,554 INFO :: Bitmex connection opened
2021-12-22 19:52:27,231 INFO :: XBTUSD 48418 / 48418.5
2021-12-22 19:52:27,744 INFO :: XBTUSD 48418 / 48418.5
2021-12-22 19:52:30,442 INFO :: XBTUSD 48412.5 / 48419
2021-12-22 19:52:31,472 INFO :: XBTUSD 48412.5 / 48419
2021-12-22 19:52:32,259 INFO :: XBTUSD 48412.5 / 48419
2021-12-22 19:52:34,951 INFO :: XBTUSD 48412.5 / 48419
2021-12-22 19:52:35,450 INFO :: XBTUSD 48418.5 / 48419
2021-12-22 19:52:36,756 INFO :: XBTUSD 48418.5 / 48419
2021-12-22 19:52:40,442 INFO :: XBTUSD 48419 / 48419.5
2021-12-22 19:52:42,740 INFO :: XBTUSD 48419 / 48419.5
2021-12-22 19:52:45,449 INFO :: XBTUSD 48419 / 48419.5
2021-12-22 19:52:47,240 INFO :: XBTUSD 48419 / 48419.5
2021-12-22 19:53:21,863 ERROR :: Error while making GET request to /fapi/v1/account: {'code': -1021, 'msg': "Timestamp for this request was 1000ms ahead of the server's time."} (error code 400)
2021-12-22 19:53:21,864 INFO :: Binance Futures Client successfully initialized
2021-12-22 19:53:22,414 INFO :: Bitmex Client successfully initialized
2021-12-22 19:53:22,638 INFO :: Binance connection opened
2021-12-22 19:53:23,007 INFO :: Bitmex connection opened
2021-12-22 20:14:29,562 INFO :: Binance Futures Client successfully initialized
2021-12-22 20:14:30,334 INFO :: Binance connection opened
2021-12-22 20:14:30,583 INFO :: Bitmex Client successfully initialized
2021-12-22 20:14:31,185 INFO :: Bitmex connection opened
2021-12-22 20:15:48,057 INFO :: Binance Futures Client successfully initialized
2021-12-22 20:15:48,840 INFO :: Binance connection opened
2021-12-22 20:15:48,937 INFO :: Bitmex Client successfully initialized
2021-12-22 20:15:49,556 INFO :: Bitmex connection opened
2021-12-22 20:21:31,986 INFO :: Binance Futures Client successfully initialized
2021-12-22 20:21:32,611 INFO :: Bitmex Client successfully initialized
2021-12-22 20:21:32,784 INFO :: Binance connection opened
2021-12-22 20:21:33,293 INFO :: Bitmex connection opened
2021-12-22 20:30:56,170 INFO :: Binance Futures Client successfully initialized
2021-12-22 20:30:56,852 INFO :: Bitmex Client successfully initialized
2021-12-22 20:30:56,935 INFO :: Binance connection opened
2021-12-22 20:30:57,451 INFO :: Bitmex connection opened
2021-12-22 20:31:22,621 INFO :: Binance Futures Client successfully initialized
2021-12-22 20:31:23,189 INFO :: Bitmex Client successfully initialized
2021-12-22 20:31:23,416 INFO :: Binance connection opened
2021-12-22 20:31:23,787 INFO :: Bitmex connection opened
2021-12-22 20:33:07,555 INFO :: Binance Futures Client successfully initialized
2021-12-22 20:33:08,207 INFO :: Bitmex Client successfully initialized
2021-12-22 20:33:08,328 INFO :: Binance connection opened
2021-12-22 20:33:08,793 INFO :: Bitmex connection opened
2021-12-22 20:43:33,412 INFO :: Binance Futures Client successfully initialized
2021-12-22 20:43:34,144 INFO :: Bitmex Client successfully initialized
2021-12-22 20:43:34,212 INFO :: Binance connection opened
2021-12-22 20:43:34,764 INFO :: Bitmex connection opened
